<?xml version="1.0" encoding="UTF-8"?>
<testsuite name="TestCases" tests="7" skipped="0" failures="0" errors="0" timestamp="2020-11-30T12:45:01" hostname="Asgard" time="0.025">
  <properties/>
  <testcase name="test0()" classname="TestCases" time="0.019"/>
  <testcase name="test1()" classname="TestCases" time="0.0"/>
  <testcase name="test2()" classname="TestCases" time="0.0"/>
  <testcase name="test3()" classname="TestCases" time="0.0"/>
  <testcase name="test4()" classname="TestCases" time="0.001"/>
  <testcase name="test5()" classname="TestCases" time="0.002"/>
  <testcase name="test6()" classname="TestCases" time="0.0"/>
  <system-out><![CDATA[]]></system-out>
  <system-err><![CDATA[]]></system-err>
</testsuite>
