<?xml version="1.0" encoding="UTF-8"?>
<testsuite name="Testing.MainTest" tests="18" skipped="0" failures="0" errors="0" timestamp="2020-11-30T12:45:01" hostname="Asgard" time="0.014">
  <properties/>
  <testcase name="test10()" classname="Testing.MainTest" time="0.002"/>
  <testcase name="test11()" classname="Testing.MainTest" time="0.001"/>
  <testcase name="test12()" classname="Testing.MainTest" time="0.0"/>
  <testcase name="test13()" classname="Testing.MainTest" time="0.0"/>
  <testcase name="test14()" classname="Testing.MainTest" time="0.001"/>
  <testcase name="test15()" classname="Testing.MainTest" time="0.0"/>
  <testcase name="test16()" classname="Testing.MainTest" time="0.002"/>
  <testcase name="test17()" classname="Testing.MainTest" time="0.0"/>
  <testcase name="test0()" classname="Testing.MainTest" time="0.0"/>
  <testcase name="test1()" classname="Testing.MainTest" time="0.001"/>
  <testcase name="test2()" classname="Testing.MainTest" time="0.0"/>
  <testcase name="test3()" classname="Testing.MainTest" time="0.001"/>
  <testcase name="test4()" classname="Testing.MainTest" time="0.0"/>
  <testcase name="test5()" classname="Testing.MainTest" time="0.0"/>
  <testcase name="test6()" classname="Testing.MainTest" time="0.0"/>
  <testcase name="test7()" classname="Testing.MainTest" time="0.0"/>
  <testcase name="test8()" classname="Testing.MainTest" time="0.0"/>
  <testcase name="test9()" classname="Testing.MainTest" time="0.0"/>
  <system-out><![CDATA[]]></system-out>
  <system-err><![CDATA[]]></system-err>
</testsuite>
